<?xml version="1.0" encoding="utf-8"?><testsuites name="pytest tests"><testsuite name="pytest" errors="0" failures="0" skipped="0" tests="9" time="1.042" timestamp="2025-06-21T01:03:22.246027+02:00" hostname="shadow"><testcase classname="unit.test_basic_auth_ci.TestBasicAuth" name="test_main_functionality" time="0.005" /><testcase classname="unit.test_basic_auth_ci.TestBasicAuth" name="test_user_login_schema_validation" time="0.005" /><testcase classname="unit.test_basic_auth_ci.TestBasicAuth" name="test_user_create_schema_validation" time="0.001" /><testcase classname="unit.test_basic_auth_ci.TestBasicAuth" name="test_token_response_schema" time="0.000" /><testcase classname="unit.test_basic_auth_ci.TestBasicAuth" name="test_auth_service_initialization" time="0.000" /><testcase classname="unit.test_basic_auth_ci.TestBasicAuth" name="test_auth_service_methods_exist" time="0.000" /><testcase classname="unit.test_basic_auth_ci.TestBasicAuth" name="test_password_config_exists" time="0.000" /><testcase classname="unit.test_service_initialization.TestAuthServiceInitialization" name="test_main_functionality" time="0.003" /><testcase classname="unit.test_error_handling.TestAuthErrorHandling" name="test_main_functionality" time="0.001" /></testsuite></testsuites>