<?xml version="1.0" encoding="utf-8"?><testsuites name="pytest tests"><testsuite name="pytest" errors="0" failures="0" skipped="0" tests="52" time="30.327" timestamp="2025-06-21T01:02:41.495714+02:00" hostname="shadow"><testcase classname="ingredients.unit.test_data_validation.TestIngredientValidation" name="test_main_functionality" time="0.004" /><testcase classname="ingredients.unit.test_data_validation.TestIngredientValidation" name="test_valid_ingredient_create_schema" time="0.001" /><testcase classname="ingredients.unit.test_data_validation.TestIngredientValidation" name="test_ingredient_create_minimal_valid_data" time="0.000" /><testcase classname="ingredients.unit.test_data_validation.TestIngredientValidation" name="test_ingredient_create_name_validation" time="0.000" /><testcase classname="ingredients.unit.test_data_validation.TestIngredientValidation" name="test_ingredient_create_negative_values_validation" time="0.000" /><testcase classname="ingredients.unit.test_data_validation.TestIngredientValidation" name="test_ingredient_create_zero_values_allowed" time="0.001" /><testcase classname="ingredients.unit.test_data_validation.TestIngredientValidation" name="test_ingredient_update_schema" time="0.001" /><testcase classname="ingredients.unit.test_data_validation.TestIngredientValidation" name="test_ingredient_update_negative_values_validation" time="0.000" /><testcase classname="ingredients.unit.test_data_validation.TestIngredientValidation" name="test_ingredient_update_empty_name_validation" time="0.000" /><testcase classname="ingredients.unit.test_data_validation.TestIngredientValidation" name="test_ingredient_response_schema" time="0.001" /><testcase classname="ingredients.unit.test_data_validation.TestIngredientValidation" name="test_ingredient_name_trimming" time="0.001" /><testcase classname="ingredients.unit.test_data_validation.TestIngredientValidation" name="test_ingredient_category_validation" time="0.001" /><testcase classname="ingredients.unit.test_data_validation.TestIngredientValidation" name="test_large_nutritional_values" time="0.000" /><testcase classname="ingredients.unit.test_data_validation.TestIngredientValidation" name="test_decimal_nutritional_values" time="0.000" /><testcase classname="ingredients.unit.test_data_validation.TestIngredientValidation" name="test_missing_required_fields" time="0.000" /><testcase classname="ingredients.unit.test_data_validation.TestIngredientValidation" name="test_extra_fields_ignored" time="0.000" /><testcase classname="ingredients.unit.test_error_handling.TestIngredientsErrorHandling" name="test_main_functionality" time="0.001" /><testcase classname="ingredients.unit.test_error_handling.TestIngredientsErrorHandling" name="test_ingredient_error_creation" time="0.000" /><testcase classname="ingredients.unit.test_error_handling.TestIngredientsErrorHandling" name="test_ingredient_error_inheritance" time="0.000" /><testcase classname="ingredients.unit.test_error_handling.TestIngredientsErrorHandling" name="test_get_ingredient_by_id_not_found" time="0.789" /><testcase classname="ingredients.unit.test_error_handling.TestIngredientsErrorHandling" name="test_search_ingredients_edge_cases" time="1.627" /><testcase classname="ingredients.unit.test_error_handling.TestIngredientsErrorHandling" name="test_search_ingredients_boundary_values" time="0.820" /><testcase classname="ingredients.unit.test_error_handling.TestIngredientsErrorHandling" name="test_get_all_ingredients_boundary_values" time="4.062" /><testcase classname="ingredients.unit.test_error_handling.TestIngredientsErrorHandling" name="test_large_limit_handling" time="0.439" /><testcase classname="ingredients.unit.test_error_handling.TestIngredientsErrorHandling" name="test_error_message_formatting" time="0.001" /><testcase classname="ingredients.unit.test_error_handling.TestIngredientsErrorHandling" name="test_error_with_special_characters" time="0.001" /><testcase classname="ingredients.unit.test_error_handling.TestIngredientsErrorHandling" name="test_concurrent_operations" time="1.731" /><testcase classname="ingredients.unit.test_error_handling.TestIngredientsErrorHandling" name="test_invalid_uuid_formats" time="0.002" /><testcase classname="ingredients.unit.test_error_handling.TestIngredientsErrorHandling" name="test_error_consistency" time="0.538" /><testcase classname="ingredients.unit.test_ingredient_read_operations.TestIngredientReadOperations" name="test_main_functionality" time="0.001" /><testcase classname="ingredients.unit.test_ingredient_read_operations.TestIngredientReadOperations" name="test_get_ingredient_by_id_success" time="1.005" /><testcase classname="ingredients.unit.test_ingredient_read_operations.TestIngredientReadOperations" name="test_get_ingredient_by_id_not_found" time="0.164" /><testcase classname="ingredients.unit.test_ingredient_read_operations.TestIngredientReadOperations" name="test_get_all_ingredients_success" time="0.959" /><testcase classname="ingredients.unit.test_ingredient_read_operations.TestIngredientReadOperations" name="test_get_all_ingredients_with_limit" time="0.983" /><testcase classname="ingredients.unit.test_ingredient_read_operations.TestIngredientReadOperations" name="test_get_all_ingredients_with_offset" time="0.496" /><testcase classname="ingredients.unit.test_ingredient_read_operations.TestIngredientReadOperations" name="test_get_all_ingredients_pagination" time="0.971" /><testcase classname="ingredients.unit.test_ingredient_read_operations.TestIngredientReadOperations" name="test_get_all_ingredients_invalid_limit" time="2.051" /><testcase classname="ingredients.unit.test_ingredient_read_operations.TestIngredientReadOperations" name="test_get_all_ingredients_invalid_offset" time="0.872" /><testcase classname="ingredients.unit.test_ingredient_read_operations.TestIngredientReadOperations" name="test_ingredient_data_types" time="0.656" /><testcase classname="ingredients.unit.test_ingredient_read_operations.TestIngredientReadOperations" name="test_ingredient_data_ranges" time="1.428" /><testcase classname="ingredients.unit.test_ingredient_read_operations.TestIngredientReadOperations" name="test_multiple_ingredient_retrieval" time="1.736" /><testcase classname="ingredients.unit.test_ingredient_read_operations.TestIngredientReadOperations" name="test_ingredient_names_are_realistic" time="1.090" /><testcase classname="ingredients.unit.test_ingredient_read_operations.TestIngredientReadOperations" name="test_consistent_data_retrieval" time="1.360" /><testcase classname="ingredients.unit.test_search_functionality.TestIngredientSearch" name="test_main_functionality" time="0.001" /><testcase classname="ingredients.unit.test_search_functionality.TestIngredientSearch" name="test_search_exact_match" time="0.487" /><testcase classname="ingredients.unit.test_search_functionality.TestIngredientSearch" name="test_search_case_insensitive" time="1.288" /><testcase classname="ingredients.unit.test_search_functionality.TestIngredientSearch" name="test_search_with_limit" time="0.435" /><testcase classname="ingredients.unit.test_search_functionality.TestIngredientSearch" name="test_search_no_results" time="0.356" /><testcase classname="ingredients.unit.test_search_functionality.TestIngredientSearch" name="test_search_pagination" time="1.437" /><testcase classname="ingredients.unit.test_search_functionality.TestIngredientSearch" name="test_search_response_format" time="0.484" /><testcase classname="ingredients.unit.test_search_functionality.TestIngredientSearch" name="test_search_data_types" time="1.351" /><testcase classname="ingredients.unit.test_search_functionality.TestIngredientSearch" name="test_search_realistic_data" time="0.581" /></testsuite></testsuites>