<?xml version="1.0" encoding="utf-8"?><testsuites name="pytest tests"><testsuite name="pytest" errors="0" failures="0" skipped="0" tests="9" time="0.124" timestamp="2025-06-21T01:17:29.227345+02:00" hostname="shadow"><testcase classname="ocr.unit.test_basic_ocr_ci.TestBasicOCR" name="test_main_functionality" time="0.004" /><testcase classname="ocr.unit.test_basic_ocr_ci.TestBasicOCR" name="test_ocr_text_response_schema" time="0.001" /><testcase classname="ocr.unit.test_basic_ocr_ci.TestBasicOCR" name="test_receipt_item_schema" time="0.001" /><testcase classname="ocr.unit.test_basic_ocr_ci.TestBasicOCR" name="test_ocr_processed_response_schema" time="0.001" /><testcase classname="ocr.unit.test_basic_ocr_ci.TestBasicOCR" name="test_ocr_error_handling_schema" time="0.001" /><testcase classname="ocr.unit.test_basic_ocr_ci.TestBasicOCR" name="test_ocr_service_import" time="0.001" /><testcase classname="ocr.unit.test_basic_ocr_ci.TestBasicOCR" name="test_ocr_service_mock_functionality" time="0.005" /><testcase classname="ocr.unit.test_basic_ocr_ci.TestBasicOCR" name="test_ocr_schema_field_validation" time="0.001" /><testcase classname="ocr.unit.test_basic_ocr_ci.TestBasicOCR" name="test_ocr_config_exists" time="0.001" /></testsuite></testsuites>